<?xml version="1.0" encoding="UTF-8"?>
<testsuite xmlns:xsi="http://www.w3.org/2001/XMLSchema-instance" xsi:noNamespaceSchemaLocation="https://maven.apache.org/surefire/maven-surefire-plugin/xsd/surefire-test-report-3.0.xsd" version="3.0" name="com.example.myproject.MainTest" time="7.827" tests="6" errors="0" skipped="0" failures="0">
  <properties>
[...]
</properties>
  <testcase name="testGreet" classname="com.example.myproject.MainTest" time="0.592">
    <system-out><![CDATA[2022.07.28 23:01:33 情報 io.helidon.common.LogConfig Thread[main,5,main]: Logging at initialization configured using /Users/hiromitakahashi/Downloads/helidon.sample.starter/target/classes/logging.properties
2022.07.28 23:01:33 INFO org.hibernate.jpa.internal.util.LogHelper Thread[main,5,main]: HHH000204: Processing PersistenceUnitInfo [name: pu1]
2022.07.28 23:01:33 INFO org.hibernate.Version Thread[main,5,main]: HHH000412: Hibernate ORM core version 6.1.1.Final
2022.07.28 23:01:33 INFO org.hibernate.cfg.Environment Thread[main,5,main]: HHH000205: Loaded properties from resource hibernate.properties: {hibernate.bytecode.use_reflection_optimizer=false, hibernate.bytecode.provider=none}
2022.07.28 23:01:33 WARN org.hibernate.orm.deprecation Thread[main,5,main]: HHH90000021: Encountered deprecated setting [javax.persistence.sharedCache.mode], use [jakarta.persistence.sharedCache.mode] instead
2022.07.28 23:01:34 INFO SQL dialect Thread[main,5,main]: HHH000400: Using dialect: org.hibernate.dialect.H2Dialect
2022.07.28 23:01:34 INFO org.hibernate.engine.transaction.jta.platform.internal.JtaPlatformInitiator Thread[main,5,main]: HHH000490: Using JtaPlatform implementation: [io.helidon.integrations.cdi.hibernate.CDISEJtaPlatform$Proxy$_$$_WeldClientProxy]
2022.07.28 23:01:34 INFO org.hibernate.validator.internal.util.Version Thread[main,5,main]: HV000001: Hibernate Validator 7.0.2.Final
2022.07.28 23:01:36 INFO org.hibernate.tool.schema.internal.SchemaCreatorImpl Thread[main,5,main]: HHH000476: Executing import script 'file:/Users/hiromitakahashi/Downloads/helidon.sample.starter/target/classes/META-INF/init_script.sql'
2022.07.28 23:01:36 情報 io.helidon.microprofile.server.ServerCdiExtension Thread[main,5,main]: Registering JAX-RS Application: HelidonMP
2022.07.28 23:01:37 情報 io.helidon.webserver.NettyWebServer Thread[nioEventLoopGroup-2-1,10,main]: Channel '@default' started: [id: 0x70f90c62, L:/[0:0:0:0:0:0:0:0]:50005]
2022.07.28 23:01:37 情報 io.helidon.microprofile.server.ServerCdiExtension Thread[main,5,main]: Server started on http://localhost:50005 (and all other host addresses) in 7481 milliseconds (since JVM startup).
2022.07.28 23:01:37 情報 io.helidon.common.HelidonFeatures Thread[features-thread,5,main]: Helidon MP 3.0.0 features: [CDI, Config, Health, JAX-RS, JPA, JTA, Metrics, Server]
]]></system-out>
    <system-err><![CDATA[SLF4J: Failed to load class "org.slf4j.impl.StaticLoggerBinder".
SLF4J: Defaulting to no-operation (NOP) logger implementation
SLF4J: See http://www.slf4j.org/codes.html#StaticLoggerBinder for further details.
]]></system-err>
  </testcase>
  <testcase name="testHealth" classname="com.example.myproject.MainTest" time="0.039"/>
  <testcase name="testMetrics" classname="com.example.myproject.MainTest" time="0.04"/>
  <testcase name="testMicroprofileMetrics" classname="com.example.myproject.MainTest" time="0.031"/>
  <testcase name="testPokemon" classname="com.example.myproject.MainTest" time="0.481">
    <system-out><![CDATA[2022.07.28 23:01:38 INFO com.arjuna.ats.arjuna Thread[helidon-server-8,5,server]: ARJUNA012170: TransactionStatusManager started on port 50009 and host 127.0.0.1 with service com.arjuna.ats.arjuna.recovery.ActionStatusService
]]></system-out>
  </testcase>
  <testcase name="testPokemonTypes" classname="com.example.myproject.MainTest" time="0.026"/>
</testsuite>